[2018-03-29 13:20:57.480] [sharedprocess] [info] main {"machineId":"fba60a6f03b62f661d047839410f71d3236e7917f365cdb85dac48f27fb6bc38"}
[2018-03-29 13:20:57.547] [sharedprocess] [info] Scanned user extensions: 0
[2018-03-29 13:20:57.750] [sharedprocess] [info] Scanned system extensions: 65
[2018-03-29 13:21:01.499] [sharedprocess] [info] Scanned user extensions: 0
[2018-03-29 13:21:01.542] [sharedprocess] [info] Scanned user extensions: 0
[2018-03-29 13:21:01.548] [sharedprocess] [info] Scanned user extensions: 0
[2018-03-29 13:21:01.852] [sharedprocess] [info] Scanned system extensions: 65
[2018-03-29 13:21:01.865] [sharedprocess] [info] Scanned system extensions: 65
[2018-03-29 13:21:03.889] [sharedprocess] [info] Scanned user extensions: 0
[2018-03-29 13:21:37.500] [sharedprocess] [info] Starting to clean up unused language packs.
[2018-03-29 13:26:04.153] [sharedprocess] [info] Scanned user extensions: 0
[2018-03-29 13:31:04.724] [sharedprocess] [info] Scanned user extensions: 0
[2018-03-29 13:36:05.006] [sharedprocess] [info] Scanned user extensions: 0
[2018-03-29 13:41:05.138] [sharedprocess] [info] Scanned user extensions: 0
[2018-03-29 13:46:05.167] [sharedprocess] [info] Scanned user extensions: 0
[2018-03-29 13:51:05.216] [sharedprocess] [info] Scanned user extensions: 0
[2018-03-29 13:56:05.228] [sharedprocess] [info] Scanned user extensions: 0
[2018-03-29 14:01:05.257] [sharedprocess] [info] Scanned user extensions: 0
[2018-03-29 14:06:05.276] [sharedprocess] [info] Scanned user extensions: 0
[2018-03-29 14:11:05.304] [sharedprocess] [info] Scanned user extensions: 0
[2018-03-29 14:16:05.359] [sharedprocess] [info] Scanned user extensions: 0
[2018-03-29 14:18:24.964] [sharedprocess] [info] Scanned user extensions: 0
[2018-03-29 14:18:24.986] [sharedprocess] [info] Scanned user extensions: 0
[2018-03-29 14:18:24.990] [sharedprocess] [info] Scanned user extensions: 0
[2018-03-29 14:18:25.180] [sharedprocess] [info] Scanned system extensions: 65
[2018-03-29 14:18:25.186] [sharedprocess] [info] Scanned system extensions: 65
[2018-03-29 14:18:29.635] [sharedprocess] [info] Installing extension: vscode-styled-jsx
[2018-03-29 14:18:30.778] [sharedprocess] [info] Downloaded extension: vscode-styled-jsx
[2018-03-29 14:18:31.130] [sharedprocess] [info] Extracted extension to /root/.vscode/extensions/blanu.vscode-styled-jsx-0.2.2: blanu.vscode-styled-jsx-0.2.2
[2018-03-29 14:18:31.171] [sharedprocess] [info] Updated metadata of the extension: blanu.vscode-styled-jsx-0.2.2
[2018-03-29 14:18:31.171] [sharedprocess] [info] Extensions installed successfully: blanu.vscode-styled-jsx
[2018-03-29 14:18:31.346] [sharedprocess] [info] Scanned user extensions: 1
[2018-03-29 14:18:31.496] [sharedprocess] [info] Scanned system extensions: 65
[2018-03-29 14:18:31.711] [sharedprocess] [info] Installing extension: js-jsx-snippets
[2018-03-29 14:18:32.745] [sharedprocess] [info] Downloaded extension: js-jsx-snippets
[2018-03-29 14:18:32.784] [sharedprocess] [info] Extracted extension to /root/.vscode/extensions/skyran.js-jsx-snippets-0.0.9: skyran.js-jsx-snippets-0.0.9
[2018-03-29 14:18:32.798] [sharedprocess] [info] Updated metadata of the extension: skyran.js-jsx-snippets-0.0.9
[2018-03-29 14:18:32.799] [sharedprocess] [info] Extensions installed successfully: skyran.js-jsx-snippets
[2018-03-29 14:18:32.939] [sharedprocess] [info] Scanned user extensions: 2
[2018-03-29 14:18:33.005] [sharedprocess] [info] Scanned system extensions: 65
[2018-03-29 14:18:34.545] [sharedprocess] [info] Installing extension: vscode-extension-auto-import
[2018-03-29 14:18:35.697] [sharedprocess] [info] Downloaded extension: vscode-extension-auto-import
[2018-03-29 14:18:37.449] [sharedprocess] [info] Extracted extension to /root/.vscode/extensions/NuclleaR.vscode-extension-auto-import-1.4.1: NuclleaR.vscode-extension-auto-import-1.4.1
[2018-03-29 14:18:37.456] [sharedprocess] [info] Updated metadata of the extension: NuclleaR.vscode-extension-auto-import-1.4.1
[2018-03-29 14:18:37.456] [sharedprocess] [info] Extensions installed successfully: NuclleaR.vscode-extension-auto-import
[2018-03-29 14:18:37.586] [sharedprocess] [info] Scanned user extensions: 3
[2018-03-29 14:18:37.684] [sharedprocess] [info] Installing extension: vscode-styled-jsx-languageserver
[2018-03-29 14:18:37.709] [sharedprocess] [info] Scanned system extensions: 65
[2018-03-29 14:18:42.803] [sharedprocess] [info] Downloaded extension: vscode-styled-jsx-languageserver
[2018-03-29 14:18:45.110] [sharedprocess] [info] Extracted extension to /root/.vscode/extensions/AndrewRazumovsky.vscode-styled-jsx-languageserver-1.0.0: AndrewRazumovsky.vscode-styled-jsx-languageserver-1.0.0
[2018-03-29 14:18:45.131] [sharedprocess] [info] Updated metadata of the extension: AndrewRazumovsky.vscode-styled-jsx-languageserver-1.0.0
[2018-03-29 14:18:45.132] [sharedprocess] [info] Extensions installed successfully: AndrewRazumovsky.vscode-styled-jsx-languageserver
[2018-03-29 14:18:45.285] [sharedprocess] [info] Scanned user extensions: 4
[2018-03-29 14:18:45.335] [sharedprocess] [info] Scanned system extensions: 65
[2018-03-29 14:18:47.373] [sharedprocess] [info] Scanned user extensions: 4
[2018-03-29 14:18:47.376] [sharedprocess] [info] Scanned user extensions: 4
[2018-03-29 14:18:47.377] [sharedprocess] [info] Scanned user extensions: 4
[2018-03-29 14:18:47.387] [sharedprocess] [info] Scanned user extensions: 4
[2018-03-29 14:18:47.389] [sharedprocess] [info] Scanned user extensions: 4
[2018-03-29 14:18:47.456] [sharedprocess] [info] Scanned system extensions: 65
[2018-03-29 14:18:47.459] [sharedprocess] [info] Scanned system extensions: 65
[2018-03-29 14:18:47.463] [sharedprocess] [info] Scanned system extensions: 65
[2018-03-29 14:18:50.649] [sharedprocess] [info] Scanned user extensions: 4
[2018-03-29 14:23:51.030] [sharedprocess] [info] Scanned user extensions: 4
[2018-03-29 14:28:51.040] [sharedprocess] [info] Scanned user extensions: 4
[2018-03-29 14:33:51.073] [sharedprocess] [info] Scanned user extensions: 4
[2018-03-29 14:38:51.272] [sharedprocess] [info] Scanned user extensions: 4
[2018-03-29 14:43:51.289] [sharedprocess] [info] Scanned user extensions: 4
[2018-03-29 14:48:51.297] [sharedprocess] [info] Scanned user extensions: 4
[2018-03-29 14:53:51.468] [sharedprocess] [info] Scanned user extensions: 4
[2018-03-29 14:58:51.479] [sharedprocess] [info] Scanned user extensions: 4
[2018-03-29 15:03:51.720] [sharedprocess] [info] Scanned user extensions: 4
[2018-03-29 15:08:51.790] [sharedprocess] [info] Scanned user extensions: 4
[2018-03-29 15:13:51.827] [sharedprocess] [info] Scanned user extensions: 4
[2018-03-29 15:18:51.877] [sharedprocess] [info] Scanned user extensions: 4
[2018-03-29 15:23:52.205] [sharedprocess] [info] Scanned user extensions: 4
[2018-03-29 15:28:52.233] [sharedprocess] [info] Scanned user extensions: 4
